<?xml version="1.0" encoding="UTF-8"?>
<!-- Generated by org.testng.reporters.JUnitReportReporter -->
<testsuite hostname="LAPTOP-BS8IEFJ2" failures="0" tests="1" name="selenium_assessment.Configuration" time="0.004" errors="0" timestamp="2022-02-01T00:39:38 SAST" skipped="0">
  <testcase classname="selenium_assessment.Configuration" name="setup" time="0.004"/>
  <system-out/>
</testsuite> <!-- selenium_assessment.Configuration -->
