<?xml version="1.0" encoding="UTF-8"?>
<!-- Generated by org.testng.reporters.JUnitReportReporter -->
<testsuite hostname="LAPTOP-BS8IEFJ2" failures="0" tests="2" name="selenium_assessment.OrangeHRM" time="15.455" errors="0" timestamp="2022-02-01T00:39:38 SAST" skipped="0">
  <testcase classname="selenium_assessment.OrangeHRM" name="login" time="9.828"/>
  <system-out/>
  <testcase classname="selenium_assessment.OrangeHRM" name="add" time="5.627"/>
  <system-out/>
</testsuite> <!-- selenium_assessment.OrangeHRM -->
