<?xml version="1.0" encoding="UTF-8"?>
<!-- Generated by org.testng.reporters.JUnitReportReporter -->
<testsuite hostname="LAPTOP-BS8IEFJ2" failures="0" tests="5" name="selenium_assessment.Login" time="9.526" errors="0" timestamp="2022-02-01T00:39:38 SAST" skipped="0">
  <testcase classname="selenium_assessment.Login" name="login" time="2.268"/>
  <system-out/>
  <testcase classname="selenium_assessment.Login" name="login" time="7.134"/>
  <system-out/>
  <testcase classname="selenium_assessment.Login" name="Validation" time="0.015"/>
  <system-out/>
  <testcase classname="selenium_assessment.Login" name="Validation2" time="0.054"/>
  <system-out/>
  <testcase classname="selenium_assessment.Login" name="Validation3" time="0.055"/>
  <system-out/>
</testsuite> <!-- selenium_assessment.Login -->
